Build started 7/2/2015 5:57:22 PM.
     1>Project "C:\Users\Carter Blalack\Documents\GitHub\ArdirelDungeons\ArdirelDefense\ArdirelDefense\ArdirelDefense.vcxproj" on node 2 (Build target(s)).
     1>ClCompile:
         C:\Program Files (x86)\Microsoft Visual Studio 11.0\VC\bin\CL.exe /c /Zi /nologo /W3 /WX- /sdl /O2 /Oi /Oy- /GL /D WIN32 /D NDEBUG /D _CONSOLE /D _UNICODE /D UNICODE /Gm- /EHsc /MD /GS /Gy /fp:precise /Zc:wchar_t /Zc:forScope /Fo"Release\\" /Fd"Release\vc110.pdb" /Gd /TP /analyze- /errorReport:prompt GameObject.cpp GameWorld.cpp Main.cpp Map.cpp Room.cpp ShaderManager.cpp WindowManager.cpp
         GameObject.cpp
     1>c:\users\carter blalack\documents\github\ardireldungeons\ardireldefense\ardireldefense\GameObject.h(2): fatal error C1083: Cannot open include file: 'glew.h': No such file or directory
         GameWorld.cpp
     1>c:\users\carter blalack\documents\github\ardireldungeons\ardireldefense\ardireldefense\GameWorld.h(4): fatal error C1083: Cannot open include file: 'glm\glm.hpp': No such file or directory
         Main.cpp
     1>c:\users\carter blalack\documents\github\ardireldungeons\ardireldefense\ardireldefense\GameWorld.h(4): fatal error C1083: Cannot open include file: 'glm\glm.hpp': No such file or directory
         Map.cpp
     1>Map.cpp(23): warning C4244: 'argument' : conversion from 'time_t' to 'unsigned int', possible loss of data
     1>Map.cpp(36): warning C4018: '<' : signed/unsigned mismatch
         Room.cpp
         ShaderManager.cpp
     1>c:\users\carter blalack\documents\github\ardireldungeons\ardireldefense\ardireldefense\ShaderManager.h(2): fatal error C1083: Cannot open include file: 'glew.h': No such file or directory
         WindowManager.cpp
     1>c:\users\carter blalack\documents\github\ardireldungeons\ardireldefense\ardireldefense\GameWorld.h(4): fatal error C1083: Cannot open include file: 'glm\glm.hpp': No such file or directory
     1>Done Building Project "C:\Users\Carter Blalack\Documents\GitHub\ArdirelDungeons\ArdirelDefense\ArdirelDefense\ArdirelDefense.vcxproj" (Build target(s)) -- FAILED.

Build FAILED.

Time Elapsed 00:00:01.07
